<?xml version="1.0" encoding="UTF-8" ?>
<testsuite tests="50" failures="0" name="runners.TripPlanerRunner" time="203.59" errors="3" skipped="0">
  <properties>
    <property name="java.runtime.name" value="Java(TM) SE Runtime Environment"/>
    <property name="sun.boot.library.path" value="C:\Program Files\Java\jdk1.8.0_144\jre\bin"/>
    <property name="java.vm.version" value="25.144-b01"/>
    <property name="java.vm.vendor" value="Oracle Corporation"/>
    <property name="java.vendor.url" value="http://java.oracle.com/"/>
    <property name="path.separator" value=";"/>
    <property name="guice.disable.misplaced.annotation.check" value="true"/>
    <property name="java.vm.name" value="Java HotSpot(TM) 64-Bit Server VM"/>
    <property name="file.encoding.pkg" value="sun.io"/>
    <property name="user.script" value=""/>
    <property name="user.country" value="DE"/>
    <property name="sun.java.launcher" value="SUN_STANDARD"/>
    <property name="sun.os.patch.level" value="Service Pack 1"/>
    <property name="test" value="TripPlanerRunner"/>
    <property name="java.vm.specification.name" value="Java Virtual Machine Specification"/>
    <property name="user.dir" value="D:\myApps\myWorkspace\kozeium"/>
    <property name="java.runtime.version" value="1.8.0_144-b01"/>
    <property name="java.awt.graphicsenv" value="sun.awt.Win32GraphicsEnvironment"/>
    <property name="java.endorsed.dirs" value="C:\Program Files\Java\jdk1.8.0_144\jre\lib\endorsed"/>
    <property name="os.arch" value="amd64"/>
    <property name="java.io.tmpdir" value="D:\Users\GOUADA~1\AppData\Local\Temp\"/>
    <property name="line.separator" value="
"/>
    <property name="java.vm.specification.vendor" value="Oracle Corporation"/>
    <property name="user.variant" value=""/>
    <property name="os.name" value="Windows 7"/>
    <property name="classworlds.conf" value="D:\SDE\SDC\LunaRiM\binary\org.apache.maven.3.0.4.win_3.0.4\bin\m2.conf"/>
    <property name="sun.jnu.encoding" value="Cp1252"/>
    <property name="java.library.path" value="C:\Program Files\Java\jdk1.8.0_144\bin;C:\Windows\Sun\Java\bin;C:\Windows\system32;C:\Windows;D:\SDE\SDC\LunaRiM\binary\org.apache.maven.3.0.4.win_3.0.4/bin;C:\Program Files\Java\jdk1.8.0_144/bin;C:\Program Files\Java\jdk1.8.0_144/bin;C:\ProgramData\Oracle\Java\javapath;C:\Windows\system32;C:\Windows;C:\Windows\System32\Wbem;C:\Windows\System32\WindowsPowerShell\v1.0\;C:\Program Files (x86)\Microsoft Application Virtualization Client;C:\Program Files (x86)\IBM\Lotus\Notes\;C:\Program Files\Lenovo\Fingerprint Manager Pro\;C:\Program Files\TortoiseSVN\bin;D:\SDE\SDC\LunaRiM\binary\org.apache.maven.3.0.4.win_3.0.4\bin;D:\NonBKU\IEDriver\IEDriverServer.exe;D:\NonBKU\FFDriver\wires-0.6.2-win.exe;D:\jmeter;C:\Program Files\Git\cmd\;C:\Program Files\TortoiseGit\bin;C:\Program Files\Git\bin;C:\Program Files\CenterTools\DriveLock\;C:\Python27;C:\Windows\System32\WindowsPowerShell\v1.0\;C:\Program Files (x86)\Sennheiser\SoftphoneSDK\;C:\Program Files (x86)\Plantronics\Spokes3G\;D:\VuGen\strawberry-perl\perl\bin;D:\NonBKU\PuTTY\;D:\NonBKU\nodejs\;D:\NonBKU\Android-sdk-windows\platform-tools;D:\NonBKU\Android-sdk-windows\tools;D:\NonBKU\Android-sdk-windows\tools\bin;C:\Program Files (x86)\SDE\Putty\;D:\NonBKU\Docker Toolbox;C:\ProgramData\Oracle\Java\javapath;C:\Windows\system32;C:\Windows;C:\Windows\System32\Wbem;C:\Windows\System32\WindowsPowerShell\v1.0\;C:\Program Files (x86)\Microsoft Application Virtualization Client;C:\Program Files (x86)\IBM\Lotus\Notes\;C:\Program Files\Lenovo\Fingerprint Manager Pro\;C:\Program Files\TortoiseSVN\bin;D:\SDE\SDC\LunaRiM\binary\org.apache.maven.3.0.4.win_3.0.4\bin;D:\NonBKU\IEDriver\IEDriverServer.exe;D:\NonBKU\FFDriver\wires-0.6.2-win.exe;D:\jmeter;C:\Program Files\Git\cmd\;C:\Program Files\TortoiseGit\bin;C:\Program Files\Git\bin;C:\Program Files\CenterTools\DriveLock\;C:\Python27;C:\Windows\System32\WindowsPowerShell\v1.0\;C:\Program Files (x86)\Sennheiser\SoftphoneSDK\;C:\Program Files (x86)\Plantronics\Spokes3G\;D:\VuGen\strawberry-perl\perl\bin;D:\NonBKU\PuTTY\;D:\NonBKU\nodejs\;D:\NonBKU\Android-sdk-windows\platform-tools;D:\NonBKU\Android-sdk-windows\tools;D:\NonBKU\Android-sdk-windows\tools\bin;C:\Program Files (x86)\SDE\Putty\;D:\NonBKU\Docker Toolbox;D:\Users\GouadaDopavogui\Ap;."/>
    <property name="java.specification.name" value="Java Platform API Specification"/>
    <property name="java.class.version" value="52.0"/>
    <property name="sun.management.compiler" value="HotSpot 64-Bit Tiered Compilers"/>
    <property name="os.version" value="6.1"/>
    <property name="user.home" value="D:\Users\GouadaDopavogui"/>
    <property name="user.timezone" value="Europe/Berlin"/>
    <property name="java.awt.printerjob" value="sun.awt.windows.WPrinterJob"/>
    <property name="java.specification.version" value="1.8"/>
    <property name="file.encoding" value="Cp1252"/>
    <property name="user.name" value="GouadaDopavogui"/>
    <property name="java.class.path" value="D:\SDE\SDC\LunaRiM\binary\org.apache.maven.3.0.4.win_3.0.4\boot\plexus-classworlds-2.4.jar"/>
    <property name="java.vm.specification.version" value="1.8"/>
    <property name="sun.arch.data.model" value="64"/>
    <property name="java.home" value="C:\Program Files\Java\jdk1.8.0_144\jre"/>
    <property name="sun.java.command" value="org.codehaus.plexus.classworlds.launcher.Launcher -Dtest=TripPlanerRunner test"/>
    <property name="java.specification.vendor" value="Oracle Corporation"/>
    <property name="user.language" value="de"/>
    <property name="awt.toolkit" value="sun.awt.windows.WToolkit"/>
    <property name="java.vm.info" value="mixed mode"/>
    <property name="java.version" value="1.8.0_144"/>
    <property name="java.ext.dirs" value="C:\Program Files\Java\jdk1.8.0_144\jre\lib\ext;C:\Windows\Sun\Java\lib\ext"/>
    <property name="sun.boot.class.path" value="C:\Program Files\Java\jdk1.8.0_144\jre\lib\resources.jar;C:\Program Files\Java\jdk1.8.0_144\jre\lib\rt.jar;C:\Program Files\Java\jdk1.8.0_144\jre\lib\sunrsasign.jar;C:\Program Files\Java\jdk1.8.0_144\jre\lib\jsse.jar;C:\Program Files\Java\jdk1.8.0_144\jre\lib\jce.jar;C:\Program Files\Java\jdk1.8.0_144\jre\lib\charsets.jar;C:\Program Files\Java\jdk1.8.0_144\jre\lib\jfr.jar;C:\Program Files\Java\jdk1.8.0_144\jre\classes"/>
    <property name="java.vendor" value="Oracle Corporation"/>
    <property name="maven.home" value="D:\SDE\SDC\LunaRiM\binary\org.apache.maven.3.0.4.win_3.0.4"/>
    <property name="file.separator" value="\"/>
    <property name="java.vendor.url.bug" value="http://bugreport.sun.com/bugreport/"/>
    <property name="sun.cpu.endian" value="little"/>
    <property name="sun.io.unicode.encoding" value="UnicodeLittle"/>
    <property name="sun.desktop" value="windows"/>
    <property name="sun.cpu.isalist" value="amd64"/>
  </properties>
  <testcase classname="Scenario: navigation through navigator" name="Given navigator is started for navigation" time="0.001"/>
  <testcase classname="Scenario: navigation through navigator" name="Then I click favorite and history" time="0"/>
  <testcase classname="Scenario: navigation through navigator" name="Then I click trip planer" time="0"/>
  <testcase classname="Scenario: navigation through navigator" name="Then I click save fares" time="0"/>
  <testcase classname="Scenario: navigation through navigator" name="Then I click verbundtickets" time="0"/>
  <testcase classname="Scenario: navigation through navigator" name="And I click regional offers" time="0"/>
  <testcase classname="Scenario: navigation through navigator" name="And I click my tickets" time="0"/>
  <testcase classname="Scenario: navigation through navigator" name="Then I click add ticket" time="0"/>
  <testcase classname="Scenario: navigation through navigator" name="Then I click search order" time="0"/>
  <testcase classname="Scenario: navigation through navigator" name="Then I click departure arrival" time="0"/>
  <testcase classname="Scenario: navigation through navigator" name="Then I scroll to imprint" time="0"/>
  <testcase classname="Scenario: navigation through navigator" name="Then I click bahnCard" time="0"/>
  <testcase classname="Scenario: navigation through navigator" name="Then I scroll to regional offers" time="0"/>
  <testcase classname="Scenario: navigation through navigator" name="Then I click Karte" time="0"/>
  <testcase classname="Scenario: navigation through navigator" name="Then I scroll to favorite and history" time="0"/>
  <testcase classname="Scenario: navigation through navigator" name="Then I click real time information agin" time="0"/>
  <testcase classname="Scenario: navigation through navigator" name="Then I Scroll to delay alarm" time="0"/>
  <testcase classname="Scenario: navigation through navigator" name="Scenario: navigation through navigator" time="2.367">
    <error type="java.lang.NullPointerException">java.lang.NullPointerException
	at api.apps.navigator.testSteps.TravelInformationSteps.finishTest(TravelInformationSteps.java:258)
	at sun.reflect.NativeMethodAccessorImpl.invoke0(Native Method)
	at sun.reflect.NativeMethodAccessorImpl.invoke(NativeMethodAccessorImpl.java:62)
	at sun.reflect.DelegatingMethodAccessorImpl.invoke(DelegatingMethodAccessorImpl.java:43)
	at java.lang.reflect.Method.invoke(Method.java:498)
	at cucumber.runtime.Utils$1.call(Utils.java:40)
	at cucumber.runtime.Timeout.timeout(Timeout.java:16)
	at cucumber.runtime.Utils.invoke(Utils.java:34)
	at cucumber.runtime.java.JavaHookDefinition.execute(JavaHookDefinition.java:60)
	at cucumber.runtime.Runtime.runHookIfTagsMatch(Runtime.java:224)
	at cucumber.runtime.Runtime.runHooks(Runtime.java:212)
	at cucumber.runtime.Runtime.runAfterHooks(Runtime.java:206)
	at cucumber.runtime.model.CucumberScenario.run(CucumberScenario.java:46)
	at cucumber.runtime.junit.ExecutionUnitRunner.run(ExecutionUnitRunner.java:102)
	at cucumber.runtime.junit.FeatureRunner.runChild(FeatureRunner.java:63)
	at cucumber.runtime.junit.FeatureRunner.runChild(FeatureRunner.java:18)
	at org.junit.runners.ParentRunner$3.run(ParentRunner.java:290)
	at org.junit.runners.ParentRunner$1.schedule(ParentRunner.java:71)
	at org.junit.runners.ParentRunner.runChildren(ParentRunner.java:288)
	at org.junit.runners.ParentRunner.access$000(ParentRunner.java:58)
	at org.junit.runners.ParentRunner$2.evaluate(ParentRunner.java:268)
	at org.junit.runners.ParentRunner.run(ParentRunner.java:363)
	at cucumber.runtime.junit.FeatureRunner.run(FeatureRunner.java:70)
	at cucumber.api.junit.Cucumber.runChild(Cucumber.java:95)
	at cucumber.api.junit.Cucumber.runChild(Cucumber.java:38)
	at org.junit.runners.ParentRunner$3.run(ParentRunner.java:290)
	at org.junit.runners.ParentRunner$1.schedule(ParentRunner.java:71)
	at org.junit.runners.ParentRunner.runChildren(ParentRunner.java:288)
	at org.junit.runners.ParentRunner.access$000(ParentRunner.java:58)
	at org.junit.runners.ParentRunner$2.evaluate(ParentRunner.java:268)
	at org.junit.runners.ParentRunner.run(ParentRunner.java:363)
	at cucumber.api.junit.Cucumber.run(Cucumber.java:100)
	at org.apache.maven.surefire.junit4.JUnit4TestSet.execute(JUnit4TestSet.java:53)
	at org.apache.maven.surefire.junit4.JUnit4Provider.executeTestSet(JUnit4Provider.java:123)
	at org.apache.maven.surefire.junit4.JUnit4Provider.invoke(JUnit4Provider.java:104)
	at sun.reflect.NativeMethodAccessorImpl.invoke0(Native Method)
	at sun.reflect.NativeMethodAccessorImpl.invoke(NativeMethodAccessorImpl.java:62)
	at sun.reflect.DelegatingMethodAccessorImpl.invoke(DelegatingMethodAccessorImpl.java:43)
	at java.lang.reflect.Method.invoke(Method.java:498)
	at org.apache.maven.surefire.util.ReflectionUtils.invokeMethodWithArray(ReflectionUtils.java:164)
	at org.apache.maven.surefire.booter.ProviderFactory$ProviderProxy.invoke(ProviderFactory.java:110)
	at org.apache.maven.surefire.booter.SurefireStarter.invokeProvider(SurefireStarter.java:175)
	at org.apache.maven.surefire.booter.SurefireStarter.runSuitesInProcessWhenForked(SurefireStarter.java:107)
	at org.apache.maven.surefire.booter.ForkedBooter.main(ForkedBooter.java:68)
</error>
    <system-out>2018-04-15 15:29:55 INFO  MyLogger:131 - updating device prop/capas...emulator-5556
[HTTP] --&gt; POST /wd/hub/session/50b8d899-204c-4a87-adee-809711663286/appium/app/close {}
[debug] [MJSONWP] Calling AppiumDriver.closeApp() with args: [&quot;50b8d899-204c-4a87-adee-809711663286&quot;]
[debug] [ADB] Getting connected devices...
[debug] [ADB] 2 device(s) connected
[debug] [ADB] Running &apos;D:\NonBKU\Android-sdk-windows\platform-tools\adb.exe&apos; with args: [&quot;-P&quot;,5037,&quot;-s&quot;,&quot;emulator-5556&quot;,&quot;shell&quot;,&quot;am&quot;,&quot;force-stop&quot;,&quot;de.hafas.android.db&quot;]
[debug] [MJSONWP] Responding to client with driver.closeApp() result: null
[HTTP] &lt;-- POST /wd/hub/session/50b8d899-204c-4a87-adee-809711663286/appium/app/close 200 401 ms - 76 
[HTTP] --&gt; DELETE /wd/hub/session/50b8d899-204c-4a87-adee-809711663286 {}
[debug] [MJSONWP] Calling AppiumDriver.deleteSession() with args: [&quot;50b8d899-204c-4a87-adee-809711663286&quot;]
[debug] [BaseDriver] Event &apos;quitSessionRequested&apos; logged at 1523798996085 (15:29:56 GMT+0200 (MitteleuropÃ¤ische Sommerzeit))
[Appium] Removing session 50b8d899-204c-4a87-adee-809711663286 from our master session list
[debug] [AndroidDriver] Shutting down Android driver
[debug] [ADB] Getting connected devices...
[debug] [ADB] 2 device(s) connected
[debug] [ADB] Running &apos;D:\NonBKU\Android-sdk-windows\platform-tools\adb.exe&apos; with args: [&quot;-P&quot;,5037,&quot;-s&quot;,&quot;emulator-5556&quot;,&quot;shell&quot;,&quot;am&quot;,&quot;force-stop&quot;,&quot;de.hafas.android.db&quot;]
[debug] [ADB] Pressing the HOME button
[debug] [ADB] Getting connected devices...
[debug] [ADB] 2 device(s) connected
[debug] [ADB] Running &apos;D:\NonBKU\Android-sdk-windows\platform-tools\adb.exe&apos; with args: [&quot;-P&quot;,5037,&quot;-s&quot;,&quot;emulator-5556&quot;,&quot;shell&quot;,&quot;input&quot;,&quot;keyevent&quot;,3]
[debug] [AndroidBootstrap] Sending command to android: {&quot;cmd&quot;:&quot;shutdown&quot;}
[debug] [AndroidBootstrap] Received command result from bootstrap
[debug] [UiAutomator] Shutting down UiAutomator
[debug] [UiAutomator] Moving to state &apos;stopping&apos;
[debug] [AndroidBootstrap] [BOOTSTRAP LOG] [debug] Got data from client: {&quot;cmd&quot;:&quot;shutdown&quot;}
[debug] [AndroidBootstrap] [BOOTSTRAP LOG] [debug] Got command of type SHUTDOWN
[debug] [AndroidBootstrap] [BOOTSTRAP LOG] [debug] Returning result: {&quot;status&quot;:0,&quot;value&quot;:&quot;OK, shutting down&quot;}
[debug] [AndroidBootstrap] [BOOTSTRAP LOG] [debug] Closed client connection
[debug] [AndroidBootstrap] [UIAUTO STDOUT] INSTRUMENTATION_STATUS: numtests=1
[debug] [AndroidBootstrap] [UIAUTO STDOUT] INSTRUMENTATION_STATUS: stream=.
[debug] [AndroidBootstrap] [UIAUTO STDOUT] INSTRUMENTATION_STATUS: id=UiAutomatorTestRunner
[debug] [UiAutomator] UiAutomator shut down normally
[debug] [UiAutomator] Moving to state &apos;stopped&apos;
[debug] [ADB] Attempting to kill all uiautomator processes
[debug] [ADB] Getting all processes with uiautomator
[debug] [ADB] Getting connected devices...
[debug] [ADB] 2 device(s) connected
[debug] [ADB] Running &apos;D:\NonBKU\Android-sdk-windows\platform-tools\adb.exe&apos; with args: [&quot;-P&quot;,5037,&quot;-s&quot;,&quot;emulator-5556&quot;,&quot;shell&quot;,&quot;ps&quot;]
[ADB] No uiautomator process found to kill, continuing...
[debug] [UiAutomator] Moving to state &apos;stopped&apos;
[debug] [Logcat] Stopping logcat capture
[debug] [ADB] Getting connected devices...
[debug] [ADB] 2 device(s) connected
[debug] [ADB] Running &apos;D:\NonBKU\Android-sdk-windows\platform-tools\adb.exe&apos; with args: [&quot;-P&quot;,5037,&quot;-s&quot;,&quot;emulator-5556&quot;,&quot;shell&quot;,&quot;am&quot;,&quot;force-stop&quot;,&quot;io.appium.unlock&quot;]
[debug] [AndroidDriver] Not cleaning generated files. Add `clearSystemFiles` capability if wanted.
[debug] [BaseDriver] Event &apos;quitSessionFinished&apos; logged at 1523798997521 (15:29:57 GMT+0200 (MitteleuropÃ¤ische Sommerzeit))
[debug] [MJSONWP] Received response: null
[debug] [MJSONWP] But deleting session, so not returning
[debug] [MJSONWP] Responding to client with driver.deleteSession() result: null
[HTTP] &lt;-- DELETE /wd/hub/session/50b8d899-204c-4a87-adee-809711663286 200 1437 ms - 76 
2018-04-15 15:29:58 INFO  MyLogger:267 - killed driver and succesfully uninstalled de.hafas.android.db from emulator-5556
</system-out>
  </testcase>
  <testcase classname="| Mainz Hbf | Leipzig Hbf |" name="Given navigator is started" time="0"/>
  <testcase classname="| Mainz Hbf | Leipzig Hbf |" name="Then I enter the start station Mainz Hbf" time="0"/>
  <testcase classname="| Mainz Hbf | Leipzig Hbf |" name="Then I enter the destination station Leipzig Hbf" time="0.001"/>
  <testcase classname="| Mainz Hbf | Leipzig Hbf |" name="Then I click the day picker" time="0"/>
  <testcase classname="| Mainz Hbf | Leipzig Hbf |" name="Then I select the travel date" time="0"/>
  <testcase classname="| Mainz Hbf | Leipzig Hbf |" name="Then I click the done button" time="0.001"/>
  <testcase classname="| Mainz Hbf | Leipzig Hbf |" name="And I click the search button" time="0"/>
  <testcase classname="| Mainz Hbf | Leipzig Hbf |" name="And I scroll down to later button" time="0.001"/>
  <testcase classname="| Mainz Hbf | Leipzig Hbf |" name="Then I scroll up to earlier button" time="0"/>
  <testcase classname="| Mainz Hbf | Leipzig Hbf |" name="Then I scroll back to later button" time="0"/>
  <testcase classname="| Mainz Hbf | Leipzig Hbf |" name="And I click later button" time="0"/>
  <testcase classname="| Mainz Hbf | Leipzig Hbf |" name="Then I select a trip" time="0"/>
  <testcase classname="| Mainz Hbf | Leipzig Hbf |" name="Then I click mfe button" time="0"/>
  <testcase classname="| Mainz Hbf | Leipzig Hbf |" name="Then I click operation days" time="0"/>
  <testcase classname="| Mainz Hbf | Leipzig Hbf |" name="Then I click back button" time="0.003"/>
  <testcase classname="| Mainz Hbf | Leipzig Hbf |" name="| Mainz Hbf | Leipzig Hbf |" time="0.003">
    <error type="java.lang.NullPointerException">java.lang.NullPointerException
	at api.apps.navigator.testSteps.NavigationSteps.finishTest(NavigationSteps.java:231)
	at sun.reflect.NativeMethodAccessorImpl.invoke0(Native Method)
	at sun.reflect.NativeMethodAccessorImpl.invoke(NativeMethodAccessorImpl.java:62)
	at sun.reflect.DelegatingMethodAccessorImpl.invoke(DelegatingMethodAccessorImpl.java:43)
	at java.lang.reflect.Method.invoke(Method.java:498)
	at cucumber.runtime.Utils$1.call(Utils.java:40)
	at cucumber.runtime.Timeout.timeout(Timeout.java:16)
	at cucumber.runtime.Utils.invoke(Utils.java:34)
	at cucumber.runtime.java.JavaHookDefinition.execute(JavaHookDefinition.java:60)
	at cucumber.runtime.Runtime.runHookIfTagsMatch(Runtime.java:224)
	at cucumber.runtime.Runtime.runHooks(Runtime.java:212)
	at cucumber.runtime.Runtime.runAfterHooks(Runtime.java:206)
	at cucumber.runtime.model.CucumberScenario.run(CucumberScenario.java:46)
	at cucumber.runtime.junit.ExecutionUnitRunner.run(ExecutionUnitRunner.java:102)
	at org.junit.runners.Suite.runChild(Suite.java:128)
	at org.junit.runners.Suite.runChild(Suite.java:27)
	at org.junit.runners.ParentRunner$3.run(ParentRunner.java:290)
	at org.junit.runners.ParentRunner$1.schedule(ParentRunner.java:71)
	at org.junit.runners.ParentRunner.runChildren(ParentRunner.java:288)
	at org.junit.runners.ParentRunner.access$000(ParentRunner.java:58)
	at org.junit.runners.ParentRunner$2.evaluate(ParentRunner.java:268)
	at org.junit.runners.ParentRunner.run(ParentRunner.java:363)
	at cucumber.runtime.junit.ExamplesRunner.run(ExamplesRunner.java:59)
	at org.junit.runners.Suite.runChild(Suite.java:128)
	at org.junit.runners.Suite.runChild(Suite.java:27)
	at org.junit.runners.ParentRunner$3.run(ParentRunner.java:290)
	at org.junit.runners.ParentRunner$1.schedule(ParentRunner.java:71)
	at org.junit.runners.ParentRunner.runChildren(ParentRunner.java:288)
	at org.junit.runners.ParentRunner.access$000(ParentRunner.java:58)
	at org.junit.runners.ParentRunner$2.evaluate(ParentRunner.java:268)
	at org.junit.runners.ParentRunner.run(ParentRunner.java:363)
	at cucumber.runtime.junit.ScenarioOutlineRunner.run(ScenarioOutlineRunner.java:53)
	at cucumber.runtime.junit.FeatureRunner.runChild(FeatureRunner.java:63)
	at cucumber.runtime.junit.FeatureRunner.runChild(FeatureRunner.java:18)
	at org.junit.runners.ParentRunner$3.run(ParentRunner.java:290)
	at org.junit.runners.ParentRunner$1.schedule(ParentRunner.java:71)
	at org.junit.runners.ParentRunner.runChildren(ParentRunner.java:288)
	at org.junit.runners.ParentRunner.access$000(ParentRunner.java:58)
	at org.junit.runners.ParentRunner$2.evaluate(ParentRunner.java:268)
	at org.junit.runners.ParentRunner.run(ParentRunner.java:363)
	at cucumber.runtime.junit.FeatureRunner.run(FeatureRunner.java:70)
	at cucumber.api.junit.Cucumber.runChild(Cucumber.java:95)
	at cucumber.api.junit.Cucumber.runChild(Cucumber.java:38)
	at org.junit.runners.ParentRunner$3.run(ParentRunner.java:290)
	at org.junit.runners.ParentRunner$1.schedule(ParentRunner.java:71)
	at org.junit.runners.ParentRunner.runChildren(ParentRunner.java:288)
	at org.junit.runners.ParentRunner.access$000(ParentRunner.java:58)
	at org.junit.runners.ParentRunner$2.evaluate(ParentRunner.java:268)
	at org.junit.runners.ParentRunner.run(ParentRunner.java:363)
	at cucumber.api.junit.Cucumber.run(Cucumber.java:100)
	at org.apache.maven.surefire.junit4.JUnit4TestSet.execute(JUnit4TestSet.java:53)
	at org.apache.maven.surefire.junit4.JUnit4Provider.executeTestSet(JUnit4Provider.java:123)
	at org.apache.maven.surefire.junit4.JUnit4Provider.invoke(JUnit4Provider.java:104)
	at sun.reflect.NativeMethodAccessorImpl.invoke0(Native Method)
	at sun.reflect.NativeMethodAccessorImpl.invoke(NativeMethodAccessorImpl.java:62)
	at sun.reflect.DelegatingMethodAccessorImpl.invoke(DelegatingMethodAccessorImpl.java:43)
	at java.lang.reflect.Method.invoke(Method.java:498)
	at org.apache.maven.surefire.util.ReflectionUtils.invokeMethodWithArray(ReflectionUtils.java:164)
	at org.apache.maven.surefire.booter.ProviderFactory$ProviderProxy.invoke(ProviderFactory.java:110)
	at org.apache.maven.surefire.booter.SurefireStarter.invokeProvider(SurefireStarter.java:175)
	at org.apache.maven.surefire.booter.SurefireStarter.runSuitesInProcessWhenForked(SurefireStarter.java:107)
	at org.apache.maven.surefire.booter.ForkedBooter.main(ForkedBooter.java:68)
</error>
  </testcase>
  <testcase classname="Given navigator is started(| Frankfurt(Main)Hbf | Frankfurt(Main)Flugh |)" name="Given navigator is started" time="0"/>
  <testcase classname="Then I enter the start station Frankfurt(Main)Hbf(| Frankfurt(Main)Hbf | Frankfurt(Main)Flugh |)" name="Then I enter the start station Frankfurt" time="0"/>
  <testcase classname="Then I enter the destination station Frankfurt(Main)Flugh(| Frankfurt(Main)Hbf | Frankfurt(Main)Flugh |)" name="Then I enter the destination station Frankfurt" time="0"/>
  <testcase classname="Then I click the day picker(| Frankfurt(Main)Hbf | Frankfurt(Main)Flugh |)" name="Then I click the day picker" time="0"/>
  <testcase classname="Then I select the travel date(| Frankfurt(Main)Hbf | Frankfurt(Main)Flugh |)" name="Then I select the travel date" time="0"/>
  <testcase classname="Then I click the done button(| Frankfurt(Main)Hbf | Frankfurt(Main)Flugh |)" name="Then I click the done button" time="0"/>
  <testcase classname="And I click the search button(| Frankfurt(Main)Hbf | Frankfurt(Main)Flugh |)" name="And I click the search button" time="0"/>
  <testcase classname="And I scroll down to later button(| Frankfurt(Main)Hbf | Frankfurt(Main)Flugh |)" name="And I scroll down to later button" time="0"/>
  <testcase classname="Then I scroll up to earlier button(| Frankfurt(Main)Hbf | Frankfurt(Main)Flugh |)" name="Then I scroll up to earlier button" time="0.003"/>
  <testcase classname="Then I scroll back to later button(| Frankfurt(Main)Hbf | Frankfurt(Main)Flugh |)" name="Then I scroll back to later button" time="0"/>
  <testcase classname="And I click later button(| Frankfurt(Main)Hbf | Frankfurt(Main)Flugh |)" name="And I click later button" time="0"/>
  <testcase classname="Then I select a trip(| Frankfurt(Main)Hbf | Frankfurt(Main)Flugh |)" name="Then I select a trip" time="0"/>
  <testcase classname="Then I click mfe button(| Frankfurt(Main)Hbf | Frankfurt(Main)Flugh |)" name="Then I click mfe button" time="0"/>
  <testcase classname="Then I click operation days(| Frankfurt(Main)Hbf | Frankfurt(Main)Flugh |)" name="Then I click operation days" time="0.002"/>
  <testcase classname="Then I click back button(| Frankfurt(Main)Hbf | Frankfurt(Main)Flugh |)" name="Then I click back button" time="0"/>
  <testcase classname="| Frankfurt(Main)Hbf | Frankfurt(Main)Flugh |" name="| Frankfurt" time="0.003">
    <error type="java.lang.NullPointerException">java.lang.NullPointerException
	at api.apps.navigator.testSteps.NavigationSteps.finishTest(NavigationSteps.java:231)
	at sun.reflect.NativeMethodAccessorImpl.invoke0(Native Method)
	at sun.reflect.NativeMethodAccessorImpl.invoke(NativeMethodAccessorImpl.java:62)
	at sun.reflect.DelegatingMethodAccessorImpl.invoke(DelegatingMethodAccessorImpl.java:43)
	at java.lang.reflect.Method.invoke(Method.java:498)
	at cucumber.runtime.Utils$1.call(Utils.java:40)
	at cucumber.runtime.Timeout.timeout(Timeout.java:16)
	at cucumber.runtime.Utils.invoke(Utils.java:34)
	at cucumber.runtime.java.JavaHookDefinition.execute(JavaHookDefinition.java:60)
	at cucumber.runtime.Runtime.runHookIfTagsMatch(Runtime.java:224)
	at cucumber.runtime.Runtime.runHooks(Runtime.java:212)
	at cucumber.runtime.Runtime.runAfterHooks(Runtime.java:206)
	at cucumber.runtime.model.CucumberScenario.run(CucumberScenario.java:46)
	at cucumber.runtime.junit.ExecutionUnitRunner.run(ExecutionUnitRunner.java:102)
	at org.junit.runners.Suite.runChild(Suite.java:128)
	at org.junit.runners.Suite.runChild(Suite.java:27)
	at org.junit.runners.ParentRunner$3.run(ParentRunner.java:290)
	at org.junit.runners.ParentRunner$1.schedule(ParentRunner.java:71)
	at org.junit.runners.ParentRunner.runChildren(ParentRunner.java:288)
	at org.junit.runners.ParentRunner.access$000(ParentRunner.java:58)
	at org.junit.runners.ParentRunner$2.evaluate(ParentRunner.java:268)
	at org.junit.runners.ParentRunner.run(ParentRunner.java:363)
	at cucumber.runtime.junit.ExamplesRunner.run(ExamplesRunner.java:59)
	at org.junit.runners.Suite.runChild(Suite.java:128)
	at org.junit.runners.Suite.runChild(Suite.java:27)
	at org.junit.runners.ParentRunner$3.run(ParentRunner.java:290)
	at org.junit.runners.ParentRunner$1.schedule(ParentRunner.java:71)
	at org.junit.runners.ParentRunner.runChildren(ParentRunner.java:288)
	at org.junit.runners.ParentRunner.access$000(ParentRunner.java:58)
	at org.junit.runners.ParentRunner$2.evaluate(ParentRunner.java:268)
	at org.junit.runners.ParentRunner.run(ParentRunner.java:363)
	at cucumber.runtime.junit.ScenarioOutlineRunner.run(ScenarioOutlineRunner.java:53)
	at cucumber.runtime.junit.FeatureRunner.runChild(FeatureRunner.java:63)
	at cucumber.runtime.junit.FeatureRunner.runChild(FeatureRunner.java:18)
	at org.junit.runners.ParentRunner$3.run(ParentRunner.java:290)
	at org.junit.runners.ParentRunner$1.schedule(ParentRunner.java:71)
	at org.junit.runners.ParentRunner.runChildren(ParentRunner.java:288)
	at org.junit.runners.ParentRunner.access$000(ParentRunner.java:58)
	at org.junit.runners.ParentRunner$2.evaluate(ParentRunner.java:268)
	at org.junit.runners.ParentRunner.run(ParentRunner.java:363)
	at cucumber.runtime.junit.FeatureRunner.run(FeatureRunner.java:70)
	at cucumber.api.junit.Cucumber.runChild(Cucumber.java:95)
	at cucumber.api.junit.Cucumber.runChild(Cucumber.java:38)
	at org.junit.runners.ParentRunner$3.run(ParentRunner.java:290)
	at org.junit.runners.ParentRunner$1.schedule(ParentRunner.java:71)
	at org.junit.runners.ParentRunner.runChildren(ParentRunner.java:288)
	at org.junit.runners.ParentRunner.access$000(ParentRunner.java:58)
	at org.junit.runners.ParentRunner$2.evaluate(ParentRunner.java:268)
	at org.junit.runners.ParentRunner.run(ParentRunner.java:363)
	at cucumber.api.junit.Cucumber.run(Cucumber.java:100)
	at org.apache.maven.surefire.junit4.JUnit4TestSet.execute(JUnit4TestSet.java:53)
	at org.apache.maven.surefire.junit4.JUnit4Provider.executeTestSet(JUnit4Provider.java:123)
	at org.apache.maven.surefire.junit4.JUnit4Provider.invoke(JUnit4Provider.java:104)
	at sun.reflect.NativeMethodAccessorImpl.invoke0(Native Method)
	at sun.reflect.NativeMethodAccessorImpl.invoke(NativeMethodAccessorImpl.java:62)
	at sun.reflect.DelegatingMethodAccessorImpl.invoke(DelegatingMethodAccessorImpl.java:43)
	at java.lang.reflect.Method.invoke(Method.java:498)
	at org.apache.maven.surefire.util.ReflectionUtils.invokeMethodWithArray(ReflectionUtils.java:164)
	at org.apache.maven.surefire.booter.ProviderFactory$ProviderProxy.invoke(ProviderFactory.java:110)
	at org.apache.maven.surefire.booter.SurefireStarter.invokeProvider(SurefireStarter.java:175)
	at org.apache.maven.surefire.booter.SurefireStarter.runSuitesInProcessWhenForked(SurefireStarter.java:107)
	at org.apache.maven.surefire.booter.ForkedBooter.main(ForkedBooter.java:68)
</error>
    <system-out>[debug] [AndroidBootstrap] [BOOTSTRAP LOG] [debug] Returning result: {&quot;status&quot;:0,&quot;value&quot;:true}
</system-out>
  </testcase>
</testsuite>